<?xml version="1.0" encoding="UTF-8"?>
<testsuite xmlns:xsi="http://www.w3.org/2001/XMLSchema-instance" xsi:schemaLocation="https://maven.apache.org/surefire/maven-surefire-plugin/xsd/surefire-test-report.xsd" name="TestSuite" time="31.408" tests="3" errors="0" skipped="0" failures="1">
  <properties>
[...]
</properties>
  <testcase name="verifyHomePage" classname="test.Flipkart" time="17.906"/>
  <testcase name="verifyLogin" classname="test.Flipkart" time="8.913"/>
  <testcase name="verifyMobile" classname="test.Flipkart" time="3.016">
    <failure message="Unable to locate element: {&quot;method&quot;:&quot;xpath&quot;,&quot;selector&quot;:&quot;.//*[@id=&apos;menu-electronics-tab-0-content&apos;]/ul[1]/li[1]/a&quot;}&#10;Command duration or timeout: 51 milliseconds&#10;For documentation on this error, please visit: http://seleniumhq.org/exceptions/no_such_element.html&#10;Build info: version: &apos;2.53.0&apos;, revision: &apos;35ae25b1534ae328c771e0856c93e187490ca824&apos;, time: &apos;2016-03-15 10:43:46&apos;&#10;System info: host: &apos;sys&apos;, ip: &apos;192.168.2.9&apos;, os.name: &apos;Windows 7&apos;, os.arch: &apos;x86&apos;, os.version: &apos;6.1&apos;, java.version: &apos;1.8.0_65&apos;&#10;Driver info: org.openqa.selenium.firefox.FirefoxDriver&#10;Capabilities [{applicationCacheEnabled=true, rotatable=false, handlesAlerts=true, databaseEnabled=true, version=45.0.2, platform=WINDOWS, nativeEvents=false, acceptSslCerts=true, webStorageEnabled=true, locationContextEnabled=true, browserName=firefox, takesScreenshot=true, javascriptEnabled=true, cssSelectorsEnabled=true}]&#10;Session ID: 9ec07f08-22a2-4388-a128-61ac3f610140&#10;*** Element info: {Using=xpath, value=.//*[@id=&apos;menu-electronics-tab-0-content&apos;]/ul[1]/li[1]/a}" type="org.openqa.selenium.NoSuchElementException">org.openqa.selenium.NoSuchElementException: 
Unable to locate element: {"method":"xpath","selector":".//*[@id='menu-electronics-tab-0-content']/ul[1]/li[1]/a"}
Command duration or timeout: 51 milliseconds
For documentation on this error, please visit: http://seleniumhq.org/exceptions/no_such_element.html
Build info: version: '2.53.0', revision: '35ae25b1534ae328c771e0856c93e187490ca824', time: '2016-03-15 10:43:46'
System info: host: 'sys', ip: '192.168.2.9', os.name: 'Windows 7', os.arch: 'x86', os.version: '6.1', java.version: '1.8.0_65'
Driver info: org.openqa.selenium.firefox.FirefoxDriver
Capabilities [{applicationCacheEnabled=true, rotatable=false, handlesAlerts=true, databaseEnabled=true, version=45.0.2, platform=WINDOWS, nativeEvents=false, acceptSslCerts=true, webStorageEnabled=true, locationContextEnabled=true, browserName=firefox, takesScreenshot=true, javascriptEnabled=true, cssSelectorsEnabled=true}]
Session ID: 9ec07f08-22a2-4388-a128-61ac3f610140
*** Element info: {Using=xpath, value=.//*[@id='menu-electronics-tab-0-content']/ul[1]/li[1]/a}
	at test.Flipkart.verifyMobile(Flipkart.java:32)
Caused by: org.openqa.selenium.NoSuchElementException: 
Unable to locate element: {"method":"xpath","selector":".//*[@id='menu-electronics-tab-0-content']/ul[1]/li[1]/a"}
For documentation on this error, please visit: http://seleniumhq.org/exceptions/no_such_element.html
Build info: version: '2.53.0', revision: '35ae25b1534ae328c771e0856c93e187490ca824', time: '2016-03-15 10:43:46'
System info: host: 'sys', ip: '192.168.2.9', os.name: 'Windows 7', os.arch: 'x86', os.version: '6.1', java.version: '1.8.0_65'
Driver info: driver.version: unknown
</failure>
  </testcase>
</testsuite>